<?xml version="1.0" encoding="UTF-8"?>
<testng-results skipped="0" failed="0" ignored="0" total="1" passed="1">
  <reporter-output>
  </reporter-output>
  <suite name="Default suite" duration-ms="42275" started-at="2019-05-18T03:15:26Z" finished-at="2019-05-18T03:16:08Z">
    <groups>
    </groups>
    <test name="Default test" duration-ms="42275" started-at="2019-05-18T03:15:26Z" finished-at="2019-05-18T03:16:08Z">
      <class name="driverScript.AppTest">
        <test-method status="PASS" signature="kickStart()[pri:0, instance:driverScript.AppTest@42d80b78]" name="kickStart" duration-ms="42238" started-at="2019-05-18T03:15:26Z" finished-at="2019-05-18T03:16:08Z">
          <reporter-output>
          </reporter-output>
        </test-method> <!-- kickStart -->
      </class> <!-- driverScript.AppTest -->
    </test> <!-- Default test -->
  </suite> <!-- Default suite -->
</testng-results>
